<?xml version="1.0" encoding="UTF-8"?>
<testng-results ignored="0" total="1" passed="1" failed="0" skipped="0">
  <reporter-output>
    <line>
      <![CDATA[[[EdgeDriver: msedge on windows (8a0403e83683cff7e36c35487c77799f)] -> xpath: //input[@id='zipCode_overlay_subproducts']]<---------> has been clicked<br>]]>
    </line>
    <line>
      <![CDATA[Sleeping ... zZz 2<br>]]>
    </line>
    <line>
      <![CDATA[14215 <-----> has been put into <-----> [[EdgeDriver: msedge on windows (8a0403e83683cff7e36c35487c77799f)] -> xpath: //input[@id='zipCode_overlay_subproducts']]<br>]]>
    </line>
    <line>
      <![CDATA[Sleeping ... zZz 2<br>]]>
    </line>
    <line>
      <![CDATA[[[EdgeDriver: msedge on windows (8a0403e83683cff7e36c35487c77799f)] -> id: qsButton_overlay_subproducts]<---------> has been clicked<br>]]>
    </line>
    <line>
      <![CDATA[Sleeping ... zZz 5<br>]]>
    </line>
  </reporter-output>
  <suite started-at="2024-01-13T04:32:44 EST" name="Default suite" finished-at="2024-01-13T04:32:58 EST" duration-ms="14399">
    <groups>
    </groups>
    <test started-at="2024-01-13T04:32:44 EST" name="Default test" finished-at="2024-01-13T04:32:58 EST" duration-ms="14399">
      <class name="pagesTest.SelectPropertyTypePageTest">
        <test-method is-config="true" signature="beforeClassSetUp()[pri:0, instance:pagesTest.SelectPropertyTypePageTest@6f10d5b6]" started-at="2024-01-13T04:32:44 EST" name="beforeClassSetUp" finished-at="2024-01-13T04:32:44 EST" duration-ms="25" status="PASS">
          <reporter-output>
          </reporter-output>
        </test-method> <!-- beforeClassSetUp -->
        <test-method is-config="true" signature="setUP(java.lang.String)[pri:0, instance:pagesTest.SelectPropertyTypePageTest@6f10d5b6]" started-at="2024-01-13T04:32:44 EST" name="setUP" finished-at="2024-01-13T04:32:48 EST" duration-ms="3841" status="PASS">
          <params>
            <param index="0">
              <value>
                <![CDATA[edge]]>
              </value>
            </param>
          </params>
          <reporter-output>
          </reporter-output>
        </test-method> <!-- setUP -->
        <test-method signature="homePageTest()[pri:0, instance:pagesTest.SelectPropertyTypePageTest@6f10d5b6]" started-at="2024-01-13T04:32:48 EST" name="homePageTest" finished-at="2024-01-13T04:32:58 EST" duration-ms="10112" status="PASS">
          <reporter-output>
            <line>
              <![CDATA[[[EdgeDriver: msedge on windows (8a0403e83683cff7e36c35487c77799f)] -> xpath: //input[@id='zipCode_overlay_subproducts']]<---------> has been clicked<br>]]>
            </line>
            <line>
              <![CDATA[Sleeping ... zZz 2<br>]]>
            </line>
            <line>
              <![CDATA[14215 <-----> has been put into <-----> [[EdgeDriver: msedge on windows (8a0403e83683cff7e36c35487c77799f)] -> xpath: //input[@id='zipCode_overlay_subproducts']]<br>]]>
            </line>
            <line>
              <![CDATA[Sleeping ... zZz 2<br>]]>
            </line>
            <line>
              <![CDATA[[[EdgeDriver: msedge on windows (8a0403e83683cff7e36c35487c77799f)] -> id: qsButton_overlay_subproducts]<---------> has been clicked<br>]]>
            </line>
            <line>
              <![CDATA[Sleeping ... zZz 5<br>]]>
            </line>
          </reporter-output>
        </test-method> <!-- homePageTest -->
        <test-method is-config="true" signature="tearUp()[pri:0, instance:pagesTest.SelectPropertyTypePageTest@6f10d5b6]" started-at="2024-01-13T04:32:58 EST" name="tearUp" finished-at="2024-01-13T04:32:58 EST" duration-ms="362" status="PASS">
          <reporter-output>
          </reporter-output>
        </test-method> <!-- tearUp -->
      </class> <!-- pagesTest.SelectPropertyTypePageTest -->
    </test> <!-- Default test -->
  </suite> <!-- Default suite -->
</testng-results>
