<?xml version="1.0" encoding="UTF-8"?>
<testng-results ignored="0" total="1" passed="1" failed="0" skipped="0">
  <reporter-output>
    <line>
      <![CDATA[Sleeping ... zZz 2<br>]]>
    </line>
    <line>
      <![CDATA[[[EdgeDriver: msedge on windows (053b5d5315def87564e09f37e8605b25)] -> xpath: //span[contains(text(), 'Property')]]<---------> has been clicked<br>]]>
    </line>
    <line>
      <![CDATA[[[EdgeDriver: msedge on windows (053b5d5315def87564e09f37e8605b25)] -> xpath: //span[contains(text(), 'Property')]]<---------> is Displayed, true<br>]]>
    </line>
    <line>
      <![CDATA[Current URL is : https://www.progressive.com/#s<br>]]>
    </line>
    <line>
      <![CDATA[Actual Title is : An Insurance Company You Can Rely On | Progressive ---> And Expected Title is :An Insurance Company You Can Rely On | Progressive<br>]]>
    </line>
    <line>
      <![CDATA[Sleeping ... zZz 3<br>]]>
    </line>
    <line>
      <![CDATA[Sleeping ... zZz 2<br>]]>
    </line>
    <line>
      <![CDATA[[[EdgeDriver: msedge on windows (053b5d5315def87564e09f37e8605b25)] -> xpath: //span[contains(text(), 'Property')]]<---------> has been clicked<br>]]>
    </line>
    <line>
      <![CDATA[Sleeping ... zZz 3<br>]]>
    </line>
    <line>
      <![CDATA[[[EdgeDriver: msedge on windows (053b5d5315def87564e09f37e8605b25)] -> xpath: //label[contains(text(), 'Condo')]]<---------> has been clicked<br>]]>
    </line>
    <line>
      <![CDATA[Sleeping ... zZz 2<br>]]>
    </line>
    <line>
      <![CDATA[[[EdgeDriver: msedge on windows (053b5d5315def87564e09f37e8605b25)] -> xpath: //label[contains(text(), 'Condo')]]<---------> has been clicked<br>]]>
    </line>
    <line>
      <![CDATA[[[EdgeDriver: msedge on windows (053b5d5315def87564e09f37e8605b25)] -> xpath: //label[contains(text(), 'Condo')]]<---------> is Displayed, true<br>]]>
    </line>
    <line>
      <![CDATA[Current URL is : https://www.progressive.com/#s<br>]]>
    </line>
    <line>
      <![CDATA[Actual Title is : An Insurance Company You Can Rely On | Progressive ---> And Expected Title is :An Insurance Company You Can Rely On | Progressive<br>]]>
    </line>
    <line>
      <![CDATA[Sleeping ... zZz 3<br>]]>
    </line>
    <line>
      <![CDATA[[[EdgeDriver: msedge on windows (053b5d5315def87564e09f37e8605b25)] -> xpath: //label[contains(text(), 'Renters')]]<---------> has been clicked<br>]]>
    </line>
    <line>
      <![CDATA[Sleeping ... zZz 2<br>]]>
    </line>
    <line>
      <![CDATA[[[EdgeDriver: msedge on windows (053b5d5315def87564e09f37e8605b25)] -> xpath: //label[contains(text(), 'Mobile Home')]]<---------> has been clicked<br>]]>
    </line>
    <line>
      <![CDATA[Sleeping ... zZz 2<br>]]>
    </line>
    <line>
      <![CDATA[[[EdgeDriver: msedge on windows (053b5d5315def87564e09f37e8605b25)] -> xpath: //label[contains(text(), 'Homeowners')]]<---------> has been clicked<br>]]>
    </line>
    <line>
      <![CDATA[Sleeping ... zZz 2<br>]]>
    </line>
    <line>
      <![CDATA[14215 <-----> has been put into <-----> [[EdgeDriver: msedge on windows (053b5d5315def87564e09f37e8605b25)] -> xpath: //input[@id='zipCode_overlay_subproducts']]<br>]]>
    </line>
    <line>
      <![CDATA[Sleeping ... zZz 2<br>]]>
    </line>
    <line>
      <![CDATA[[[EdgeDriver: msedge on windows (053b5d5315def87564e09f37e8605b25)] -> id: qsButton_overlay_subproducts]<---------> has been clicked<br>]]>
    </line>
    <line>
      <![CDATA[Sleeping ... zZz 5<br>]]>
    </line>
  </reporter-output>
  <suite started-at="2024-01-13T01:03:18 EST" name="Default suite" finished-at="2024-01-13T01:03:55 EST" duration-ms="36094">
    <groups>
    </groups>
    <test started-at="2024-01-13T01:03:18 EST" name="Default test" finished-at="2024-01-13T01:03:55 EST" duration-ms="36094">
      <class name="pagesTest.GetAQuotePageTest">
        <test-method is-config="true" signature="beforeClassSetUp()[pri:0, instance:pagesTest.GetAQuotePageTest@6f10d5b6]" started-at="2024-01-13T01:03:18 EST" name="beforeClassSetUp" finished-at="2024-01-13T01:03:19 EST" duration-ms="29" status="PASS">
          <reporter-output>
          </reporter-output>
        </test-method> <!-- beforeClassSetUp -->
        <test-method is-config="true" signature="setUP(java.lang.String)[pri:0, instance:pagesTest.GetAQuotePageTest@6f10d5b6]" started-at="2024-01-13T01:03:19 EST" name="setUP" finished-at="2024-01-13T01:03:23 EST" duration-ms="4521" status="PASS">
          <params>
            <param index="0">
              <value>
                <![CDATA[edge]]>
              </value>
            </param>
          </params>
          <reporter-output>
          </reporter-output>
        </test-method> <!-- setUP -->
        <test-method signature="inputTextInUserIdAndPasswordFieldThenClickLoginButtonTest()[pri:0, instance:pagesTest.GetAQuotePageTest@6f10d5b6]" started-at="2024-01-13T01:03:23 EST" name="inputTextInUserIdAndPasswordFieldThenClickLoginButtonTest" finished-at="2024-01-13T01:03:54 EST" duration-ms="31087" status="PASS">
          <reporter-output>
            <line>
              <![CDATA[Sleeping ... zZz 2<br>]]>
            </line>
            <line>
              <![CDATA[[[EdgeDriver: msedge on windows (053b5d5315def87564e09f37e8605b25)] -> xpath: //span[contains(text(), 'Property')]]<---------> has been clicked<br>]]>
            </line>
            <line>
              <![CDATA[[[EdgeDriver: msedge on windows (053b5d5315def87564e09f37e8605b25)] -> xpath: //span[contains(text(), 'Property')]]<---------> is Displayed, true<br>]]>
            </line>
            <line>
              <![CDATA[Current URL is : https://www.progressive.com/#s<br>]]>
            </line>
            <line>
              <![CDATA[Actual Title is : An Insurance Company You Can Rely On | Progressive ---> And Expected Title is :An Insurance Company You Can Rely On | Progressive<br>]]>
            </line>
            <line>
              <![CDATA[Sleeping ... zZz 3<br>]]>
            </line>
            <line>
              <![CDATA[Sleeping ... zZz 2<br>]]>
            </line>
            <line>
              <![CDATA[[[EdgeDriver: msedge on windows (053b5d5315def87564e09f37e8605b25)] -> xpath: //span[contains(text(), 'Property')]]<---------> has been clicked<br>]]>
            </line>
            <line>
              <![CDATA[Sleeping ... zZz 3<br>]]>
            </line>
            <line>
              <![CDATA[[[EdgeDriver: msedge on windows (053b5d5315def87564e09f37e8605b25)] -> xpath: //label[contains(text(), 'Condo')]]<---------> has been clicked<br>]]>
            </line>
            <line>
              <![CDATA[Sleeping ... zZz 2<br>]]>
            </line>
            <line>
              <![CDATA[[[EdgeDriver: msedge on windows (053b5d5315def87564e09f37e8605b25)] -> xpath: //label[contains(text(), 'Condo')]]<---------> has been clicked<br>]]>
            </line>
            <line>
              <![CDATA[[[EdgeDriver: msedge on windows (053b5d5315def87564e09f37e8605b25)] -> xpath: //label[contains(text(), 'Condo')]]<---------> is Displayed, true<br>]]>
            </line>
            <line>
              <![CDATA[Current URL is : https://www.progressive.com/#s<br>]]>
            </line>
            <line>
              <![CDATA[Actual Title is : An Insurance Company You Can Rely On | Progressive ---> And Expected Title is :An Insurance Company You Can Rely On | Progressive<br>]]>
            </line>
            <line>
              <![CDATA[Sleeping ... zZz 3<br>]]>
            </line>
            <line>
              <![CDATA[[[EdgeDriver: msedge on windows (053b5d5315def87564e09f37e8605b25)] -> xpath: //label[contains(text(), 'Renters')]]<---------> has been clicked<br>]]>
            </line>
            <line>
              <![CDATA[Sleeping ... zZz 2<br>]]>
            </line>
            <line>
              <![CDATA[[[EdgeDriver: msedge on windows (053b5d5315def87564e09f37e8605b25)] -> xpath: //label[contains(text(), 'Mobile Home')]]<---------> has been clicked<br>]]>
            </line>
            <line>
              <![CDATA[Sleeping ... zZz 2<br>]]>
            </line>
            <line>
              <![CDATA[[[EdgeDriver: msedge on windows (053b5d5315def87564e09f37e8605b25)] -> xpath: //label[contains(text(), 'Homeowners')]]<---------> has been clicked<br>]]>
            </line>
            <line>
              <![CDATA[Sleeping ... zZz 2<br>]]>
            </line>
            <line>
              <![CDATA[14215 <-----> has been put into <-----> [[EdgeDriver: msedge on windows (053b5d5315def87564e09f37e8605b25)] -> xpath: //input[@id='zipCode_overlay_subproducts']]<br>]]>
            </line>
            <line>
              <![CDATA[Sleeping ... zZz 2<br>]]>
            </line>
            <line>
              <![CDATA[[[EdgeDriver: msedge on windows (053b5d5315def87564e09f37e8605b25)] -> id: qsButton_overlay_subproducts]<---------> has been clicked<br>]]>
            </line>
            <line>
              <![CDATA[Sleeping ... zZz 5<br>]]>
            </line>
          </reporter-output>
        </test-method> <!-- inputTextInUserIdAndPasswordFieldThenClickLoginButtonTest -->
        <test-method is-config="true" signature="tearUp()[pri:0, instance:pagesTest.GetAQuotePageTest@6f10d5b6]" started-at="2024-01-13T01:03:54 EST" name="tearUp" finished-at="2024-01-13T01:03:55 EST" duration-ms="379" status="PASS">
          <reporter-output>
          </reporter-output>
        </test-method> <!-- tearUp -->
      </class> <!-- pagesTest.GetAQuotePageTest -->
    </test> <!-- Default test -->
  </suite> <!-- Default suite -->
</testng-results>
